2021-03-27T15:27:05+00:00 CRITICAL Uncaught Error: Non-static method WC_Facebookcommerce_Utils::get_variant_option_name() cannot be called statically in C:\xampp\htdocs\africaFast_e-commerce\wp-content\plugins\facebook-for-woocommerce\includes\fbproduct.php:758
Stack trace:
#0 C:\xampp\htdocs\africaFast_e-commerce\wp-content\plugins\facebook-for-woocommerce\includes\fbproduct.php(628): WC_Facebook_Product->prepare_variants_for_item(Array)
#1 C:\xampp\htdocs\africaFast_e-commerce\wp-content\plugins\facebook-for-woocommerce\includes\Products\Sync\Background.php(266): WC_Facebook_Product->prepare_product('TSHIRT0001_25', 'items_batch')
#2 C:\xampp\htdocs\africaFast_e-commerce\wp-content\plugins\facebook-for-woocommerce\includes\Products\Sync\Background.php(212): SkyVerge\WooCommerce\Facebook\Products\Sync\Background->prepare_product_variation_data(Object(WC_Product_Variation))
#3 C:\xampp\htdocs\africaFast_e-commerce\wp-content\plugins\facebook-for-woocommerce\includes\Products\Sync\Background.php(180): SkyVerge\WooCommerce\Facebook\Products\Sync\Background->process_item_update('p-25')
#4 C:\xampp\htdocs\africaFast_e-commerce\wp-content\plugins\facebook-for-woocommerce\includes\Products\Sync\Background.php(119): SkyVerge\WooCommerce\Facebook\Products\Sync\Background->process_item(Array, Object(stdClass))
#5 C:\xampp\htdocs\africaFast_e-commerce\wp-content\plugins\facebook-for-woocommerce\includes\Products\Sync\Background.php(89): SkyVerge\WooCommerce\Facebook\Products\Sync\Background->process_items(Object(stdClass), Array, 0)
#6 C:\xampp\htdocs\africaFast_e-commerce\wp-content\plugins\facebook-for-woocommerce\vendor\skyverge\wc-plugin-framework\woocommerce\utilities\class-sv-wp-background-job-handler.php(588): SkyVerge\WooCommerce\Facebook\Products\Sync\Background->process_job(Object(stdClass))
#7 C:\xampp\htdocs\africaFast_e-commerce\wp-content\plugins\facebook-for-woocommerce\vendor\skyverge\wc-plugin-framework\woocommerce\utilities\class-sv-wp-background-job-handler.php(168): SkyVerge\WooCommerce\PluginFramework\v5_10_0\SV_WP_Background_Job_Handler->handle()
#8 C:\xampp\htdocs\africaFast_e-commerce\wp-includes\class-wp-hook.php(292): SkyVerge\WooCommerce\PluginFramework\v5_10_0\SV_WP_Background_Job_Handler->maybe_handle('')
#9 C:\xampp\htdocs\africaFast_e-commerce\wp-includes\class-wp-hook.php(316): WP_Hook->apply_filters('', Array)
#10 C:\xampp\htdocs\africaFast_e-commerce\wp-includes\plugin.php(484): WP_Hook->do_action(Array)
#11 C:\xampp\htdocs\africaFast_e-commerce\wp-admin\admin-ajax.php(187): do_action('wp_ajax_wc_face...')
#12 {main}
  thrown dans C:\xampp\htdocs\africaFast_e-commerce\wp-content\plugins\facebook-for-woocommerce\includes\fbproduct.php à la ligne 758

2021-03-27T15:29:54+00:00 CRITICAL Uncaught Error: Non-static method WC_Facebookcommerce_Utils::get_variant_option_name() cannot be called statically in C:\xampp\htdocs\africaFast_e-commerce\wp-content\plugins\facebook-for-woocommerce\includes\fbproduct.php:758
Stack trace:
#0 C:\xampp\htdocs\africaFast_e-commerce\wp-content\plugins\facebook-for-woocommerce\includes\fbproduct.php(628): WC_Facebook_Product->prepare_variants_for_item(Array)
#1 C:\xampp\htdocs\africaFast_e-commerce\wp-content\plugins\facebook-for-woocommerce\includes\Products\Sync\Background.php(266): WC_Facebook_Product->prepare_product('TSHIRT0001_25', 'items_batch')
#2 C:\xampp\htdocs\africaFast_e-commerce\wp-content\plugins\facebook-for-woocommerce\includes\Products\Sync\Background.php(212): SkyVerge\WooCommerce\Facebook\Products\Sync\Background->prepare_product_variation_data(Object(WC_Product_Variation))
#3 C:\xampp\htdocs\africaFast_e-commerce\wp-content\plugins\facebook-for-woocommerce\includes\Products\Sync\Background.php(180): SkyVerge\WooCommerce\Facebook\Products\Sync\Background->process_item_update('p-25')
#4 C:\xampp\htdocs\africaFast_e-commerce\wp-content\plugins\facebook-for-woocommerce\includes\Products\Sync\Background.php(119): SkyVerge\WooCommerce\Facebook\Products\Sync\Background->process_item(Array, Object(stdClass))
#5 C:\xampp\htdocs\africaFast_e-commerce\wp-content\plugins\facebook-for-woocommerce\includes\Products\Sync\Background.php(89): SkyVerge\WooCommerce\Facebook\Products\Sync\Background->process_items(Object(stdClass), Array, 0)
#6 C:\xampp\htdocs\africaFast_e-commerce\wp-content\plugins\facebook-for-woocommerce\vendor\skyverge\wc-plugin-framework\woocommerce\utilities\class-sv-wp-background-job-handler.php(588): SkyVerge\WooCommerce\Facebook\Products\Sync\Background->process_job(Object(stdClass))
#7 C:\xampp\htdocs\africaFast_e-commerce\wp-content\plugins\facebook-for-woocommerce\vendor\skyverge\wc-plugin-framework\woocommerce\utilities\class-sv-wp-background-job-handler.php(168): SkyVerge\WooCommerce\PluginFramework\v5_10_0\SV_WP_Background_Job_Handler->handle()
#8 C:\xampp\htdocs\africaFast_e-commerce\wp-includes\class-wp-hook.php(292): SkyVerge\WooCommerce\PluginFramework\v5_10_0\SV_WP_Background_Job_Handler->maybe_handle('')
#9 C:\xampp\htdocs\africaFast_e-commerce\wp-includes\class-wp-hook.php(316): WP_Hook->apply_filters('', Array)
#10 C:\xampp\htdocs\africaFast_e-commerce\wp-includes\plugin.php(484): WP_Hook->do_action(Array)
#11 C:\xampp\htdocs\africaFast_e-commerce\wp-admin\admin-ajax.php(187): do_action('wp_ajax_wc_face...')
#12 {main}
  thrown dans C:\xampp\htdocs\africaFast_e-commerce\wp-content\plugins\facebook-for-woocommerce\includes\fbproduct.php à la ligne 758

